2023-04-11 17:42:25,095 - root - WARNING - load_data:99 - Logging - Start
2023-04-11 17:42:25,095 - root - INFO - load_data:100 - Loading the data...
2023-04-11 17:42:25,097 - root - INFO - load_data:103 - Train sample size: 50
2023-04-11 17:42:25,099 - root - INFO - load_data:107 - Validation sample size: 50
2023-04-11 17:42:39,556 - root - WARNING - load_data:99 - Logging - Start
2023-04-11 17:42:39,556 - root - INFO - load_data:100 - Loading the data...
2023-04-11 17:42:39,558 - root - INFO - load_data:103 - Train sample size: 50
2023-04-11 17:42:39,560 - root - INFO - load_data:107 - Validation sample size: 50
2023-04-11 17:43:10,643 - root - WARNING - load_data:99 - Logging - Start
2023-04-11 17:43:10,643 - root - INFO - load_data:100 - Loading the data...
2023-04-11 17:43:10,644 - root - INFO - load_data:103 - Train sample size: 50
2023-04-11 17:43:10,646 - root - INFO - load_data:107 - Validation sample size: 50
2023-04-11 17:44:26,315 - root - WARNING - load_data:99 - Logging - Start
2023-04-11 17:44:26,316 - root - INFO - load_data:100 - Loading the data...
2023-04-11 17:44:26,317 - root - INFO - load_data:103 - Train sample size: 50
2023-04-11 17:44:26,320 - root - INFO - load_data:107 - Validation sample size: 50
2023-04-11 17:44:34,127 - root - WARNING - load_data:99 - Logging - Start
2023-04-11 17:44:34,127 - root - INFO - load_data:100 - Loading the data...
2023-04-11 17:44:34,130 - root - INFO - load_data:103 - Train sample size: 50
2023-04-11 17:44:34,132 - root - INFO - load_data:107 - Validation sample size: 50
2023-04-11 17:44:34,134 - root - INFO - train:148 - Training done...
2023-04-11 17:45:02,303 - root - WARNING - load_data:99 - Logging - Start
2023-04-11 17:45:02,303 - root - INFO - load_data:100 - Loading the data...
2023-04-11 17:45:02,304 - root - INFO - load_data:103 - Train sample size: 50
2023-04-11 17:45:02,306 - root - INFO - load_data:107 - Validation sample size: 50
2023-04-11 17:47:09,373 - root - WARNING - load_data:99 - Logging - Start
2023-04-11 17:47:09,373 - root - INFO - load_data:100 - Loading the data...
2023-04-11 17:47:09,376 - root - INFO - load_data:103 - Train sample size: 50
2023-04-11 17:47:09,379 - root - INFO - load_data:107 - Validation sample size: 50
2023-04-11 17:49:45,884 - root - WARNING - load_data:99 - Logging - Start
2023-04-11 17:49:45,884 - root - INFO - load_data:100 - Loading the data...
2023-04-11 17:50:42,555 - root - WARNING - load_data:99 - Logging - Start
2023-04-11 17:50:42,555 - root - INFO - load_data:100 - Loading the data...
2023-04-11 17:50:42,559 - root - INFO - load_data:103 - Train sample size: 50
2023-04-11 17:50:42,562 - root - INFO - load_data:107 - Validation sample size: 50
2023-04-11 17:52:12,797 - root - WARNING - load_data:99 - Logging - Start
2023-04-11 17:52:12,797 - root - INFO - load_data:100 - Loading the data...
2023-04-11 17:52:12,799 - root - INFO - load_data:103 - Train sample size: 50
2023-04-11 17:52:12,801 - root - INFO - load_data:107 - Validation sample size: 50
2023-04-11 17:52:29,407 - root - WARNING - load_data:99 - Logging - Start
2023-04-11 17:52:29,407 - root - INFO - load_data:100 - Loading the data...
2023-04-11 17:52:29,410 - root - INFO - load_data:103 - Train sample size: 50
2023-04-11 17:52:29,412 - root - INFO - load_data:107 - Validation sample size: 50
2023-04-11 17:52:50,123 - root - WARNING - load_data:99 - Logging - Start
2023-04-11 17:52:50,123 - root - INFO - load_data:100 - Loading the data...
2023-04-11 17:52:50,125 - root - INFO - load_data:103 - Train sample size: 50
2023-04-11 17:52:50,127 - root - INFO - load_data:107 - Validation sample size: 50
2023-04-11 17:53:49,613 - root - WARNING - load_data:99 - Logging - Start
2023-04-11 17:53:49,613 - root - INFO - load_data:100 - Loading the data...
2023-04-11 17:53:49,615 - root - INFO - load_data:103 - Train sample size: 50
2023-04-11 17:53:49,617 - root - INFO - load_data:107 - Validation sample size: 50
2023-04-11 17:54:17,775 - root - WARNING - load_data:99 - Logging - Start
2023-04-11 17:54:17,775 - root - INFO - load_data:100 - Loading the data...
2023-04-11 17:54:17,777 - root - INFO - load_data:103 - Train sample size: 50
2023-04-11 17:54:17,778 - root - INFO - load_data:107 - Validation sample size: 50
2023-04-11 17:55:14,526 - root - WARNING - load_data:99 - Logging - Start
2023-04-11 17:55:14,526 - root - INFO - load_data:100 - Loading the data...
2023-04-11 17:55:14,529 - root - INFO - load_data:103 - Train sample size: 50
2023-04-11 17:55:14,531 - root - INFO - load_data:107 - Validation sample size: 50
2023-04-11 17:56:33,871 - root - WARNING - load_data:99 - Logging - Start
2023-04-11 17:56:33,871 - root - INFO - load_data:100 - Loading the data...
2023-04-11 17:56:33,874 - root - INFO - load_data:103 - Train sample size: 50
2023-04-11 17:56:33,876 - root - INFO - load_data:107 - Validation sample size: 50
2023-04-11 17:56:57,039 - root - WARNING - load_data:99 - Logging - Start
2023-04-11 17:56:57,039 - root - INFO - load_data:100 - Loading the data...
2023-04-11 17:56:57,042 - root - INFO - load_data:103 - Train sample size: 50
2023-04-11 17:56:57,044 - root - INFO - load_data:107 - Validation sample size: 50
2023-04-11 17:57:28,954 - root - WARNING - load_data:99 - Logging - Start
2023-04-11 17:57:28,954 - root - INFO - load_data:100 - Loading the data...
2023-04-11 17:57:28,956 - root - INFO - load_data:103 - Train sample size: 50
2023-04-11 17:57:28,958 - root - INFO - load_data:107 - Validation sample size: 50
